<?xml version="1.0" encoding="UTF-8"?>
<!-- Generated by org.testng.reporters.JUnitXMLReporter -->
<testsuite ignored="0" hostname="Shaheems-MacBook-Pro.local" failures="0" tests="3" name="Default test" time="12.534" errors="0" timestamp="2024-08-03T12:27:17 IST">
  <testcase classname="api.tests.UserTest" name="testPostUser" time="3.892"/>
  <testcase classname="api.tests.UserTest" name="tetsGetUser" time="2.277"/>
  <testcase classname="api.tests.UserTest" name="tetsUpdateUser" time="6.256"/>
</testsuite> <!-- Default test -->
