<?xml version="1.0" encoding="UTF-8"?>
<!-- Generated by org.testng.reporters.JUnitXMLReporter -->
<testsuite ignored="0" hostname="Shaheems-MacBook-Pro.local" failures="0" tests="3" name="Test" time="6.142" errors="0" timestamp="2024-08-03T12:31:13 IST">
  <testcase classname="api.tests.UserTest" name="testPostUser" time="2.286"/>
  <testcase classname="api.tests.UserTest" name="tetsUpdateUser" time="1.741"/>
  <testcase classname="api.tests.UserTest" name="tetsGetUser" time="1.914"/>
</testsuite> <!-- Test -->
