<?xml version="1.0" encoding="UTF-8"?>
<!-- Generated by org.testng.reporters.JUnitXMLReporter -->
<testsuite ignored="0" hostname="Shaheems-MacBook-Pro.local" failures="0" tests="4" name="Test" time="7.691" errors="0" timestamp="2024-08-03T13:08:55 IST">
  <testcase classname="api.tests.UserTest" name="testPostUser" time="2.059"/>
  <testcase classname="api.tests.UserTest" name="tetsUpdateUser" time="1.94"/>
  <testcase classname="api.tests.UserTest" name="tetsGetUser" time="1.438"/>
  <testcase classname="api.tests.UserTest" name="tetsDeleteUser" time="2.065"/>
</testsuite> <!-- Test -->
